<?xml version="1.0" encoding="UTF-8"?>
<testsuite xmlns:xsi="http://www.w3.org/2001/XMLSchema-instance" xsi:noNamespaceSchemaLocation="https://maven.apache.org/surefire/maven-surefire-plugin/xsd/surefire-test-report.xsd" name="MyQueue.QueueTest" time="0.016" tests="9" errors="0" skipped="0" failures="0">
  <properties>
    <property name="java.specification.version" value="18"/>
    <property name="sun.jnu.encoding" value="UTF-8"/>
    <property name="java.class.path" value="/Users/bashirulazambiswas/Documents/Sadia/SUNY courses/2022_Fall/ICSI 518 Software Engineering/Lab and Assignments/Git/junit-testing-srahman2/target/test-classes:/Users/bashirulazambiswas/Documents/Sadia/SUNY courses/2022_Fall/ICSI 518 Software Engineering/Lab and Assignments/Git/junit-testing-srahman2/target/classes:/Users/bashirulazambiswas/.m2/repository/org/junit/jupiter/junit-jupiter/5.4.2/junit-jupiter-5.4.2.jar:/Users/bashirulazambiswas/.m2/repository/org/junit/jupiter/junit-jupiter-api/5.4.2/junit-jupiter-api-5.4.2.jar:/Users/bashirulazambiswas/.m2/repository/org/apiguardian/apiguardian-api/1.0.0/apiguardian-api-1.0.0.jar:/Users/bashirulazambiswas/.m2/repository/org/opentest4j/opentest4j/1.1.1/opentest4j-1.1.1.jar:/Users/bashirulazambiswas/.m2/repository/org/junit/platform/junit-platform-commons/1.4.2/junit-platform-commons-1.4.2.jar:/Users/bashirulazambiswas/.m2/repository/org/junit/jupiter/junit-jupiter-params/5.4.2/junit-jupiter-params-5.4.2.jar:/Users/bashirulazambiswas/.m2/repository/org/junit/jupiter/junit-jupiter-engine/5.4.2/junit-jupiter-engine-5.4.2.jar:/Users/bashirulazambiswas/.m2/repository/org/junit/platform/junit-platform-engine/1.4.2/junit-platform-engine-1.4.2.jar:"/>
    <property name="java.vm.vendor" value="Homebrew"/>
    <property name="sun.arch.data.model" value="64"/>
    <property name="java.vendor.url" value="https://github.com/Homebrew/homebrew-core/issues"/>
    <property name="os.name" value="Mac OS X"/>
    <property name="java.vm.specification.version" value="18"/>
    <property name="sun.java.launcher" value="SUN_STANDARD"/>
    <property name="user.country" value="US"/>
    <property name="sun.boot.library.path" value="/opt/homebrew/Cellar/openjdk/18.0.2.1/libexec/openjdk.jdk/Contents/Home/lib"/>
    <property name="sun.java.command" value="/Users/bashirulazambiswas/Documents/Sadia/SUNY courses/2022_Fall/ICSI 518 Software Engineering/Lab and Assignments/Git/junit-testing-srahman2/target/surefire/surefirebooter9219831472251289100.jar /Users/bashirulazambiswas/Documents/Sadia/SUNY courses/2022_Fall/ICSI 518 Software Engineering/Lab and Assignments/Git/junit-testing-srahman2/target/surefire 2022-12-05T17-46-17_730-jvmRun1 surefire3858863442928289998tmp surefire_07614062506129438317tmp"/>
    <property name="http.nonProxyHosts" value="local|*.local|169.254/16|*.169.254/16"/>
    <property name="jdk.debug" value="release"/>
    <property name="surefire.test.class.path" value="/Users/bashirulazambiswas/Documents/Sadia/SUNY courses/2022_Fall/ICSI 518 Software Engineering/Lab and Assignments/Git/junit-testing-srahman2/target/test-classes:/Users/bashirulazambiswas/Documents/Sadia/SUNY courses/2022_Fall/ICSI 518 Software Engineering/Lab and Assignments/Git/junit-testing-srahman2/target/classes:/Users/bashirulazambiswas/.m2/repository/org/junit/jupiter/junit-jupiter/5.4.2/junit-jupiter-5.4.2.jar:/Users/bashirulazambiswas/.m2/repository/org/junit/jupiter/junit-jupiter-api/5.4.2/junit-jupiter-api-5.4.2.jar:/Users/bashirulazambiswas/.m2/repository/org/apiguardian/apiguardian-api/1.0.0/apiguardian-api-1.0.0.jar:/Users/bashirulazambiswas/.m2/repository/org/opentest4j/opentest4j/1.1.1/opentest4j-1.1.1.jar:/Users/bashirulazambiswas/.m2/repository/org/junit/platform/junit-platform-commons/1.4.2/junit-platform-commons-1.4.2.jar:/Users/bashirulazambiswas/.m2/repository/org/junit/jupiter/junit-jupiter-params/5.4.2/junit-jupiter-params-5.4.2.jar:/Users/bashirulazambiswas/.m2/repository/org/junit/jupiter/junit-jupiter-engine/5.4.2/junit-jupiter-engine-5.4.2.jar:/Users/bashirulazambiswas/.m2/repository/org/junit/platform/junit-platform-engine/1.4.2/junit-platform-engine-1.4.2.jar:"/>
    <property name="sun.cpu.endian" value="little"/>
    <property name="user.home" value="/Users/bashirulazambiswas"/>
    <property name="user.language" value="en"/>
    <property name="java.specification.vendor" value="Oracle Corporation"/>
    <property name="java.version.date" value="2022-08-18"/>
    <property name="java.home" value="/opt/homebrew/Cellar/openjdk/18.0.2.1/libexec/openjdk.jdk/Contents/Home"/>
    <property name="file.separator" value="/"/>
    <property name="basedir" value="/Users/bashirulazambiswas/Documents/Sadia/SUNY courses/2022_Fall/ICSI 518 Software Engineering/Lab and Assignments/Git/junit-testing-srahman2"/>
    <property name="java.vm.compressedOopsMode" value="Zero based"/>
    <property name="line.separator" value="&#10;"/>
    <property name="java.vm.specification.vendor" value="Oracle Corporation"/>
    <property name="java.specification.name" value="Java Platform API Specification"/>
    <property name="apple.awt.application.name" value="ForkedBooter"/>
    <property name="surefire.real.class.path" value="/Users/bashirulazambiswas/Documents/Sadia/SUNY courses/2022_Fall/ICSI 518 Software Engineering/Lab and Assignments/Git/junit-testing-srahman2/target/surefire/surefirebooter9219831472251289100.jar"/>
    <property name="sun.management.compiler" value="HotSpot 64-Bit Tiered Compilers"/>
    <property name="ftp.nonProxyHosts" value="local|*.local|169.254/16|*.169.254/16"/>
    <property name="java.runtime.version" value="18.0.2.1+0"/>
    <property name="user.name" value="bashirulazambiswas"/>
    <property name="path.separator" value=":"/>
    <property name="os.version" value="12.2.1"/>
    <property name="java.runtime.name" value="OpenJDK Runtime Environment"/>
    <property name="file.encoding" value="UTF-8"/>
    <property name="java.vm.name" value="OpenJDK 64-Bit Server VM"/>
    <property name="java.vendor.version" value="Homebrew"/>
    <property name="localRepository" value="/Users/bashirulazambiswas/.m2/repository"/>
    <property name="java.vendor.url.bug" value="https://github.com/Homebrew/homebrew-core/issues"/>
    <property name="java.io.tmpdir" value="/var/folders/ny/bg8rfjss6335gnnx117srf5c0000gn/T/"/>
    <property name="java.version" value="18.0.2.1"/>
    <property name="user.dir" value="/Users/bashirulazambiswas/Documents/Sadia/SUNY courses/2022_Fall/ICSI 518 Software Engineering/Lab and Assignments/Git/junit-testing-srahman2"/>
    <property name="os.arch" value="aarch64"/>
    <property name="java.vm.specification.name" value="Java Virtual Machine Specification"/>
    <property name="native.encoding" value="UTF-8"/>
    <property name="java.library.path" value="/Users/bashirulazambiswas/Library/Java/Extensions:/Library/Java/Extensions:/Network/Library/Java/Extensions:/System/Library/Java/Extensions:/usr/lib/java:."/>
    <property name="java.vm.info" value="mixed mode, sharing"/>
    <property name="java.vendor" value="Homebrew"/>
    <property name="java.vm.version" value="18.0.2.1+0"/>
    <property name="sun.io.unicode.encoding" value="UnicodeBig"/>
    <property name="socksNonProxyHosts" value="local|*.local|169.254/16|*.169.254/16"/>
    <property name="java.class.version" value="62.0"/>
  </properties>
  <testcase name="peekShowFirstItemForNonEmptyQueue" classname="MyQueue.QueueTest" time="0.009"/>
  <testcase name="sizeShowsNumberOfItemsInQueue" classname="MyQueue.QueueTest" time="0"/>
  <testcase name="removeAllItemsOfQueue" classname="MyQueue.QueueTest" time="0.001"/>
  <testcase name="enqueueAddsLastElementIfPreviouslyNotEmpty" classname="MyQueue.QueueTest" time="0.001"/>
  <testcase name="lengthShowsNumberOfItemsInQueue" classname="MyQueue.QueueTest" time="0"/>
  <testcase name="isEmptyShouldGiveTrueOnQueueInit" classname="MyQueue.QueueTest" time="0"/>
  <testcase name="enqueueAddsFirstElementIfPreviouslyEmpty" classname="MyQueue.QueueTest" time="0"/>
  <testcase name="peekThrowsExceptionOnEmpty" classname="MyQueue.QueueTest" time="0"/>
  <testcase name="enqueueThrowsErrorWhenMaxLengthExceeded" classname="MyQueue.QueueTest" time="0"/>
</testsuite>